<?xml version="1.0" encoding="UTF-8"?>
<!-- Generated by org.testng.reporters.JUnitXMLReporter -->
<testsuite ignored="0" hostname="Windows-01" failures="0" tests="3" name="Test" time="37.509" errors="0" timestamp="2023-03-30T16:41:46 IST">
  <testcase classname="testcases.Logintest" name="LoginSuccess" time="9.665"/>
  <testcase classname="testcases.Logintest" name="Loginfailure" time="8.354"/>
  <testcase classname="testcases.Logintest" name="parameterTest" time="9.715"/>
</testsuite> <!-- Test -->
