<?xml version="1.0" encoding="UTF-8"?>
<!-- Generated by org.testng.reporters.JUnitXMLReporter -->
<testsuite ignored="0" hostname="Windows-01" failures="0" tests="3" name="Test" time="46.537" errors="0" timestamp="2023-04-03T18:39:13 IST">
  <testcase classname="testcases.Logintest" name="LoginSuccess" time="11.392"/>
  <testcase classname="testcases.Logintest" name="Loginfailure" time="10.39"/>
  <testcase classname="testcases.Logintest" name="parameterTest" time="10.681"/>
</testsuite> <!-- Test -->
