<?xml version="1.0" encoding="UTF-8"?>
<testng-results ignored="0" total="3" passed="3" failed="0" skipped="0">
  <reporter-output>
  </reporter-output>
  <suite started-at="2023-04-03T18:38:26 IST" name="Suite" finished-at="2023-04-03T18:39:13 IST" duration-ms="46537">
    <groups>
    </groups>
    <test started-at="2023-04-03T18:38:26 IST" name="Test" finished-at="2023-04-03T18:39:13 IST" duration-ms="46537">
      <class name="testcases.Logintest">
        <test-method is-config="true" signature="Setup()[pri:0, instance:testcases.Logintest@78ffe6dc]" started-at="2023-04-03T18:38:26 IST" name="Setup" finished-at="2023-04-03T18:38:30 IST" duration-ms="4319" status="PASS">
          <reporter-output>
          </reporter-output>
        </test-method> <!-- Setup -->
        <test-method signature="LoginSuccess()[pri:0, instance:testcases.Logintest@78ffe6dc]" started-at="2023-04-03T18:38:30 IST" name="LoginSuccess" finished-at="2023-04-03T18:38:42 IST" duration-ms="11392" status="PASS">
          <reporter-output>
          </reporter-output>
        </test-method> <!-- LoginSuccess -->
        <test-method is-config="true" signature="Quitbrowser()[pri:0, instance:testcases.Logintest@78ffe6dc]" started-at="2023-04-03T18:38:42 IST" name="Quitbrowser" finished-at="2023-04-03T18:38:42 IST" duration-ms="398" status="PASS">
          <reporter-output>
          </reporter-output>
        </test-method> <!-- Quitbrowser -->
        <test-method is-config="true" signature="Setup()[pri:0, instance:testcases.Logintest@78ffe6dc]" started-at="2023-04-03T18:38:42 IST" name="Setup" finished-at="2023-04-03T18:38:46 IST" duration-ms="3806" status="PASS">
          <reporter-output>
          </reporter-output>
        </test-method> <!-- Setup -->
        <test-method signature="Loginfailure()[pri:0, instance:testcases.Logintest@78ffe6dc]" started-at="2023-04-03T18:38:46 IST" name="Loginfailure" finished-at="2023-04-03T18:38:56 IST" duration-ms="10390" status="PASS">
          <reporter-output>
          </reporter-output>
        </test-method> <!-- Loginfailure -->
        <test-method is-config="true" signature="Quitbrowser()[pri:0, instance:testcases.Logintest@78ffe6dc]" started-at="2023-04-03T18:38:56 IST" name="Quitbrowser" finished-at="2023-04-03T18:38:58 IST" duration-ms="1443" status="PASS">
          <reporter-output>
          </reporter-output>
        </test-method> <!-- Quitbrowser -->
        <test-method is-config="true" signature="Setup()[pri:0, instance:testcases.Logintest@78ffe6dc]" started-at="2023-04-03T18:38:58 IST" name="Setup" finished-at="2023-04-03T18:39:01 IST" duration-ms="3620" status="PASS">
          <reporter-output>
          </reporter-output>
        </test-method> <!-- Setup -->
        <test-method signature="parameterTest(java.lang.String,java.lang.String)[pri:0, instance:testcases.Logintest@78ffe6dc]" started-at="2023-04-03T18:39:01 IST" name="parameterTest" finished-at="2023-04-03T18:39:12 IST" duration-ms="10681" status="PASS">
          <params>
            <param index="0">
              <value>
                <![CDATA[manshranv@gmail.com]]>
              </value>
            </param>
            <param index="1">
              <value>
                <![CDATA[Shruthimanjesh11]]>
              </value>
            </param>
          </params>
          <reporter-output>
          </reporter-output>
        </test-method> <!-- parameterTest -->
        <test-method is-config="true" signature="Quitbrowser()[pri:0, instance:testcases.Logintest@78ffe6dc]" started-at="2023-04-03T18:39:12 IST" name="Quitbrowser" finished-at="2023-04-03T18:39:13 IST" duration-ms="422" status="PASS">
          <reporter-output>
          </reporter-output>
        </test-method> <!-- Quitbrowser -->
      </class> <!-- testcases.Logintest -->
    </test> <!-- Test -->
  </suite> <!-- Suite -->
</testng-results>
