<?xml version="1.0" encoding="UTF-8"?>
<testng-results ignored="0" total="3" passed="3" failed="0" skipped="0">
  <reporter-output>
  </reporter-output>
  <suite started-at="2023-03-30T16:41:09 IST" name="Suite" finished-at="2023-03-30T16:41:46 IST" duration-ms="37509">
    <groups>
    </groups>
    <test started-at="2023-03-30T16:41:09 IST" name="Test" finished-at="2023-03-30T16:41:46 IST" duration-ms="37509">
      <class name="testcases.Logintest">
        <test-method is-config="true" signature="Setup()[pri:0, instance:testcases.Logintest@5fd4f8f5]" started-at="2023-03-30T16:41:09 IST" name="Setup" finished-at="2023-03-30T16:41:12 IST" duration-ms="3319" status="PASS">
          <reporter-output>
          </reporter-output>
        </test-method> <!-- Setup -->
        <test-method signature="LoginSuccess()[pri:0, instance:testcases.Logintest@5fd4f8f5]" started-at="2023-03-30T16:41:12 IST" name="LoginSuccess" finished-at="2023-03-30T16:41:22 IST" duration-ms="9665" status="PASS">
          <reporter-output>
          </reporter-output>
        </test-method> <!-- LoginSuccess -->
        <test-method is-config="true" signature="Quitbrowser()[pri:0, instance:testcases.Logintest@5fd4f8f5]" started-at="2023-03-30T16:41:22 IST" name="Quitbrowser" finished-at="2023-03-30T16:41:22 IST" duration-ms="355" status="PASS">
          <reporter-output>
          </reporter-output>
        </test-method> <!-- Quitbrowser -->
        <test-method is-config="true" signature="Setup()[pri:0, instance:testcases.Logintest@5fd4f8f5]" started-at="2023-03-30T16:41:22 IST" name="Setup" finished-at="2023-03-30T16:41:25 IST" duration-ms="2623" status="PASS">
          <reporter-output>
          </reporter-output>
        </test-method> <!-- Setup -->
        <test-method signature="Loginfailure()[pri:0, instance:testcases.Logintest@5fd4f8f5]" started-at="2023-03-30T16:41:25 IST" name="Loginfailure" finished-at="2023-03-30T16:41:33 IST" duration-ms="8354" status="PASS">
          <reporter-output>
          </reporter-output>
        </test-method> <!-- Loginfailure -->
        <test-method is-config="true" signature="Quitbrowser()[pri:0, instance:testcases.Logintest@5fd4f8f5]" started-at="2023-03-30T16:41:33 IST" name="Quitbrowser" finished-at="2023-03-30T16:41:34 IST" duration-ms="464" status="PASS">
          <reporter-output>
          </reporter-output>
        </test-method> <!-- Quitbrowser -->
        <test-method is-config="true" signature="Setup()[pri:0, instance:testcases.Logintest@5fd4f8f5]" started-at="2023-03-30T16:41:34 IST" name="Setup" finished-at="2023-03-30T16:41:36 IST" duration-ms="2616" status="PASS">
          <reporter-output>
          </reporter-output>
        </test-method> <!-- Setup -->
        <test-method signature="parameterTest(java.lang.String,java.lang.String)[pri:0, instance:testcases.Logintest@5fd4f8f5]" started-at="2023-03-30T16:41:36 IST" name="parameterTest" finished-at="2023-03-30T16:41:46 IST" duration-ms="9715" status="PASS">
          <params>
            <param index="0">
              <value>
                <![CDATA[manshranv@gmail.com]]>
              </value>
            </param>
            <param index="1">
              <value>
                <![CDATA[Shruthimanjesh11]]>
              </value>
            </param>
          </params>
          <reporter-output>
          </reporter-output>
        </test-method> <!-- parameterTest -->
        <test-method is-config="true" signature="Quitbrowser()[pri:0, instance:testcases.Logintest@5fd4f8f5]" started-at="2023-03-30T16:41:46 IST" name="Quitbrowser" finished-at="2023-03-30T16:41:46 IST" duration-ms="332" status="PASS">
          <reporter-output>
          </reporter-output>
        </test-method> <!-- Quitbrowser -->
      </class> <!-- testcases.Logintest -->
    </test> <!-- Test -->
  </suite> <!-- Suite -->
</testng-results>
